20260228-09:52:48: Session FIX.4.2:FIXHUB->CLIENT1 schedule is daily, 00:00:00-UTC - 23:59:59-UTC
20260228-09:52:48: Created session: FIX.4.2:FIXHUB->CLIENT1
20260228-10:06:18: Session FIX.4.2:FIXHUB->CLIENT1 schedule is daily, 00:00:00-UTC - 23:59:59-UTC
20260228-10:06:18: Created session: FIX.4.2:FIXHUB->CLIENT1
20260228-10:07:23: Session FIX.4.2:FIXHUB->CLIENT1 schedule is daily, 00:00:00-UTC - 23:59:59-UTC
20260228-10:07:23: Created session: FIX.4.2:FIXHUB->CLIENT1
20260228-10:20:49: Session FIX.4.2:FIXHUB->CLIENT1 schedule is daily, 00:00:00-UTC - 23:59:59-UTC
20260228-10:20:49: Created session: FIX.4.2:FIXHUB->CLIENT1
20260228-10:24:01: Session FIX.4.2:FIXHUB->CLIENT1 schedule is daily, 00:00:00-UTC - 23:59:59-UTC
20260228-10:24:01: Created session: FIX.4.2:FIXHUB->CLIENT1
20260228-10:24:21: Session FIX.4.2:FIXHUB->CLIENT1 schedule is daily, 00:00:00-UTC - 23:59:59-UTC
20260228-10:24:21: Created session: FIX.4.2:FIXHUB->CLIENT1
20260228-10:25:11: Session FIX.4.2:FIXHUB->CLIENT1 schedule is daily, 00:00:00-UTC - 23:59:59-UTC
20260228-10:25:11: Created session: FIX.4.2:FIXHUB->CLIENT1
20260228-10:42:12: Session FIX.4.2:FIXHUB->CLIENT1 schedule is daily, 00:00:00-UTC - 23:59:59-UTC
20260228-10:42:12: Created session: FIX.4.2:FIXHUB->CLIENT1
20260228-10:51:49: Accepting session FIX.4.2:FIXHUB->CLIENT1 from /127.0.0.1:52999
20260228-10:51:49: Acceptor heartbeat set to 30 seconds
20260228-10:51:49: Received logon
20260228-10:51:49: Responding to Logon request
